parsing amazon
parsing best
parsing ebay
parsing ebay
parsing best
parsing wayfair
Stormchaser
See More by
SKU: A007MV8729
$44.99
2.5
5
parsing home_depot
parsing ebay
parsing ebay
parsing best
parsing wayfair
Aurora Serenade
See More by
SKU: I511NO6599
$19.99
0.2
5
parsing home_depot
parsing amazon
parsing wayfair
Apexion Rising
See More by
SKU: F518HT8118
$29.99
1.8
8
parsing ebay
parsing ebay
parsing wayfair
Falling for You Game
See More by
SKU: Q464FY7000
$24.99
2.3
76
parsing best
parsing ebay
parsing ebay
parsing amazon
parsing home_depot
parsing home_depot
parsing wayfair
Forever Yours: The Next Chapter
See More by
SKU: L703QE1894
$34.99
2.1
54661
parsing amazon
parsing home_depot
parsing best
parsing amazon
parsing ebay
parsing ebay
parsing home_depot
parsing best
parsing ebay
parsing ebay
parsing amazon
parsing best
parsing home_depot
parsing home_depot
parsing amazon
parsing wayfair
Tender Touch Romance
See More by
SKU: F004CA0943
$9.99
1.3
2
parsing wayfair
Soulmates United
See More by
SKU: C743XC5323
$34.99
3.7
26
parsing wayfair
Forever Yours Journey
See More by
SKU: L701CO2859
$59.99
4.5
39
parsing ebay
parsing ebay
parsing best
parsing ebay
parsing ebay
parsing best
parsing amazon
parsing ebay
parsing ebay
parsing home_depot
parsing amazon
parsing wayfair
Forever in Bloom
See More by
SKU: Q177NC8316
$19.99
0.3
64
parsing wayfair
Sailing Speedster Showdown
See More by
SKU: T489TH2752
$4.99
1.2
59
parsing best
parsing home_depot
parsing amazon
parsing best
parsing wayfair
Field Hockey Frenzy
See More by
SKU: F475VC2513
$14.99
3.6
6334
parsing amazon
parsing ebay
parsing ebay
parsing ebay
parsing ebay
parsing wayfair
Swimming Sprint Showdown
See More by
SKU: F656TD0816
$0.01
1.7
8
parsing home_depot
parsing best
parsing home_depot
parsing wayfair
Boxing Brutality Mode
See More by
SKU: U768BO5019
$59.99
4.3
883
parsing ebay
parsing ebay
parsing home_depot
parsing best
parsing amazon
parsing ebay
parsing ebay
parsing amazon
parsing wayfair
Basketball Blitz Championship
See More by
SKU: C650KD9603
$34.99
1.2
42312
parsing best
parsing amazon
parsing home_depot
parsing ebay
parsing ebay
parsing wayfair
Velocity Velocity Pro
See More by
SKU: L428BB2560
$44.99
3.9
7703
parsing home_depot
parsing amazon
parsing best
parsing ebay
parsing ebay
parsing wayfair
Apex Predator 2.0
See More by
SKU: N284TA2810
$9.99
3.1
6
parsing best
parsing home_depot
parsing ebay
parsing ebay
parsing amazon
parsing home_depot
parsing ebay
parsing ebay
parsing best
parsing wayfair
Rise to Glory Tournament
See More by
SKU: V114OQ2196
$9.99
3.6
80
parsing wayfair
Pulse Pulse Pro
See More by
SKU: Q055QS7312
$14.99
1.4
6759
parsing home_depot
parsing amazon
parsing best
parsing ebay
parsing ebay
parsing wayfair
Future Fusion League
See More by
SKU: P723NQ1978
$44.99
4.1
2
parsing home_depot
parsing best
parsing wayfair
Cyberstorm Pro Series
See More by
SKU: C167UI5997
$69.99
4.4
8729
parsing amazon
parsing amazon
parsing ebay
parsing ebay
parsing home_depot
parsing best
parsing ebay
parsing ebay
parsing ebay
parsing ebay
parsing best
parsing amazon
parsing wayfair
Terror in the Dark
See More by
SKU: H654YY1998
$64.99
3.8
5593
parsing wayfair
The Last Stand Against Evil
See More by
SKU: X762TB3399
$44.99
0.9
66
parsing home_depot
parsing amazon
parsing ebay
parsing ebay
parsing home_depot
parsing best
parsing amazon
parsing home_depot
parsing amazon
parsing best
parsing wayfair
Bloodlust Survival
See More by
SKU: Z261VW9843
$24.99
2.7
99
parsing ebay
parsing ebay
parsing ebay
parsing ebay
parsing wayfair
Paranormal Pandemonium
See More by
SKU: T506NC2674
$4.99
2.6
5276
parsing home_depot
parsing best
parsing amazon
parsing wayfair
The Night of Eternal Darkness
See More by
SKU: H667BP9473
$49.99
1.5
95940
parsing home_depot
parsing best
parsing home_depot
parsing wayfair
Shadows Within
See More by
SKU: S909BU2566
$24.99
0.6
26184
parsing best
parsing ebay
parsing ebay
parsing ebay
parsing ebay
parsing amazon
parsing wayfair
Abandoned Asylum
See More by
SKU: L400JU3393
$54.99
3.3
5433
parsing home_depot
parsing ebay
parsing ebay
parsing amazon
parsing best
parsing home_depot
parsing best
parsing wayfair
The Cursed Village
See More by
SKU: E404IZ5497
$4.99
1.0
6
parsing ebay
parsing ebay
parsing best
parsing home_depot
parsing amazon
parsing ebay
parsing ebay
parsing wayfair
LumberLord Premium Edition
See More by
SKU: K341ZP5085
$34.99
3.4
13
parsing wayfair
HammerHero 2.0
See More by
SKU: P987LQ7176
$64.99
3.3
3
parsing amazon
parsing home_depot
parsing best
parsing ebay
parsing ebay
parsing amazon
parsing wayfair
RoadRenovation Extreme
See More by
SKU: F332BO9872
$59.99
5.0
64
parsing best
parsing home_depot
parsing ebay
parsing ebay
parsing amazon
parsing home_depot
parsing amazon
parsing best
parsing ebay
parsing ebay
parsing home_depot
parsing amazon
parsing wayfair
ExcavatorExpert 2.0
See More by
SKU: P683AH7666
$14.99
1.6
8993
parsing wayfair
SkyScrapers Builder
See More by
SKU: Z168AR3601
$19.99
1.1
37
parsing best
parsing wayfair
ScaffoldShowdown Pro
See More by
SKU: L678LD1783
$24.99
3.5
2779
parsing ebay
parsing ebay
parsing amazon
parsing best
parsing best
parsing home_depot
parsing wayfair
DemolitionDestruction
See More by
SKU: Y776DU8387
$29.99
4.4
1
parsing home_depot
parsing ebay
parsing ebay
parsing ebay
parsing ebay
parsing wayfair
TowerTakedown
See More by
SKU: D863QI9066
$59.99
3.6
43
parsing best
parsing amazon
parsing home_depot
parsing ebay
parsing ebay
parsing amazon
parsing home_depot
parsing wayfair
MasonryMaster
See More by
SKU: N721SH1229
$44.99
1.1
7
parsing ebay
parsing ebay
parsing best
parsing amazon
parsing home_depot
parsing best
parsing ebay
parsing ebay
parsing wayfair
PipePalace
See More by
SKU: Y013IZ9850
$14.99
2.7
84
parsing best
parsing ebay
parsing ebay
parsing home_depot
parsing wayfair
CementKingdom
See More by
SKU: P865OQ7896
$0.01
2.8
92239
parsing wayfair
BridgeBuilder Pro
See More by
SKU: N399XR9984
$0.01
1.6
9
parsing home_depot
parsing best
parsing amazon
parsing ebay
parsing ebay
parsing wayfair
Agricultural Mastermind Mode
See More by
SKU: Y931FJ2243
$19.99
0.5
5523
parsing amazon
parsing home_depot
parsing best
parsing ebay
parsing ebay
parsing amazon
parsing wayfair
Governor's Legacy Mode
See More by
SKU: V483EF0187
$44.99
3.4
60
parsing home_depot
parsing best
parsing amazon
parsing ebay
parsing ebay
parsing amazon
parsing amazon
parsing ebay
parsing ebay
parsing amazon
parsing wayfair
Governor's Challenge Accept
See More by
SKU: L172YK3136
$4.99
2.3
44
parsing home_depot
parsing best
parsing ebay
parsing ebay
parsing home_depot
parsing wayfair
Industrial Revolution 2 Update
See More by
SKU: Z359MW3308
$14.99
2.1
15765
parsing best
parsing best
parsing home_depot
parsing amazon
parsing ebay
parsing ebay
parsing best
parsing ebay
parsing ebay
parsing wayfair
Agricultural Simulator Game
See More by
SKU: X133MM9780
$59.99
2.1
11
parsing home_depot
parsing amazon
parsing wayfair
Governor's Quest For Glory
See More by
SKU: A804DU5233
$24.99
3.5
84550
parsing amazon
parsing best
parsing wayfair
Global Governance Challenge
See More by
SKU: Y641TZ4881
$69.99
0.3
2
parsing home_depot
parsing wayfair
Planet Project Alpha
See More by
SKU: G951IH2876
$4.99
1.5
31801
parsing amazon
parsing ebay
parsing ebay
parsing home_depot
parsing best
parsing ebay
parsing ebay
parsing amazon
parsing wayfair
Agricultural Mastery Simulator 2
See More by
SKU: I286UA4421
$39.99
1.0
13
parsing ebay
parsing ebay
parsing home_depot
parsing best
parsing wayfair
Farm Frenzy 6
See More by
SKU: C260TA6553
$0.01
3.2
692
parsing home_depot
parsing ebay
parsing ebay
parsing best
parsing best
parsing home_depot
parsing amazon
parsing wayfair
Global Citizen Simulator 2
See More by
SKU: W810OR9673
$54.99
1.8
12
parsing amazon
parsing ebay
parsing ebay
parsing best
parsing wayfair
Urbanization 5
See More by
SKU: U298UH3955
$34.99
1.9
3
parsing home_depot
parsing wayfair
Disaster Response 3
See More by
SKU: N481XX2129
$59.99
2.3
42
parsing home_depot
parsing best
parsing amazon
parsing amazon
parsing ebay
parsing ebay
parsing ebay
parsing ebay
parsing ebay
parsing ebay
parsing amazon
parsing home_depot
parsing best
parsing wayfair
Sustainable Futures 2